<?xml version="1.0" encoding="UTF-8"?>
<!-- Generated by org.testng.reporters.JUnitReportReporter -->
<testsuite skipped="0" hostname="Home-PC" name="com.test.autopractice.QATest" tests="1" failures="0" timestamp="2022-05-12T22:22:06 BST" time="10.115" errors="0">
  <testcase name="chooseHighPriceDress" time="10.115" classname="com.test.autopractice.QATest"/>
  <system-out>
    <![CDATA[Price List : 
$26.00
$50.99
$28.98
$30.50
$16.40
High Price :50.99

Printed Dress]]>
  </system-out>
</testsuite> <!-- com.test.autopractice.QATest -->
